
Showing logs for build [32mcb-kubecd-golang-03-master-57kbd-1[0m stage [32mfrom-build-pack[0m and container [32mstep-credential-initializer-95mzr[0m
{"level":"warn","ts":1581949678.5131211,"logger":"fallback-logger","caller":"logging/config.go:69","msg":"Fetch GitHub commit ID from kodata failed: \"ref: refs/heads/0.8.0-**-support-backwards-incompats\" is not a valid GitHub commit ID"}
{"level":"info","ts":1581949678.5139747,"logger":"fallback-logger","caller":"creds-init/main.go:40","msg":"Credentials initialized."}

Showing logs for build [32mcb-kubecd-golang-03-master-57kbd-1[0m stage [32mfrom-build-pack[0m and container [32mstep-working-dir-initializer-f87qk[0m
{"level":"warn","ts":1581949679.0229058,"logger":"fallback-logger","caller":"logging/config.go:69","msg":"Fetch GitHub commit ID from kodata failed: open /var/run/ko/HEAD: no such file or directory"}
{"level":"info","ts":1581949679.024149,"logger":"fallback-logger","caller":"bash/main.go:64","msg":"Successfully executed command \"sh -c mkdir -p /workspace/source\"; output "}

Showing logs for build [32mcb-kubecd-golang-03-master-57kbd-1[0m stage [32mfrom-build-pack[0m and container [32mstep-place-tools[0m

Showing logs for build [32mcb-kubecd-golang-03-master-57kbd-1[0m stage [32mfrom-build-pack[0m and container [32mstep-git-source-cb-kubecd-golang-03-master-57kbd-szbms[0m
{"level":"warn","ts":1581949752.2154121,"logger":"fallback-logger","caller":"logging/config.go:69","msg":"Fetch GitHub commit ID from kodata failed: \"ref: refs/heads/0.8.0-**-support-backwards-incompats\" is not a valid GitHub commit ID"}
{"level":"info","ts":1581949753.3064904,"logger":"fallback-logger","caller":"git/git.go:103","msg":"Successfully cloned https://github.com/cb-kubecd/golang-03.git @ v0.0.1 in path /workspace/source"}

Showing logs for build [32mcb-kubecd-golang-03-master-57kbd-1[0m stage [32mfrom-build-pack[0m and container [32mstep-git-merge[0m
Using SHAs from PULL_REFS=master:
WARNING: no SHAs to merge, falling back to initial cloned commit

Showing logs for build [32mcb-kubecd-golang-03-master-57kbd-1[0m stage [32mfrom-build-pack[0m and container [32mstep-setup-jx-git-credentials[0m
failed to get helm version: failed to run 'helm version --short' command in directory '', output: 'Client: v2.14.3+g0e7f3b6
Error: could not find tiller'
old helm binary on the PATH so replacing with helm 3
Cloning the Jenkins X versions repo https://github.com/jstrachan/jenkins-x-versions.git with ref refs/heads/master to /builder/home/.**/jenkins-x-versions
Generated Git credentials file /workspace/xdg_config/git/credentials

Showing logs for build [32mcb-kubecd-golang-03-master-57kbd-1[0m stage [32mfrom-build-pack[0m and container [32mstep-build-make-build[0m
CGO_ENABLED=0 GO15VENDOREXPERIMENT=1 go build -ldflags '' -o bin/golang-03 main.go

Showing logs for build [32mcb-kubecd-golang-03-master-57kbd-1[0m stage [32mfrom-build-pack[0m and container [32mstep-build-container-build[0m
ERROR: logging before flag.Parse: E0217 14:29:24.963282      12 metadata.go:241] Failed to unmarshal scopes: invalid character 'h' looking for beginning of value
[36mINFO[0m[0002] No base image, nothing to extract            
[36mINFO[0m[0002] cmd: EXPOSE                                  
[36mINFO[0m[0002] Adding exposed port: 8080/tcp                
[36mINFO[0m[0002] Using files from context: [/workspace/source/bin] 
[36mINFO[0m[0002] Skipping unpacking as no commands require it. 
[36mINFO[0m[0002] Taking snapshot of full filesystem...        
[36mINFO[0m[0002] EXPOSE 8080                                  
[36mINFO[0m[0002] cmd: EXPOSE                                  
[36mINFO[0m[0002] Adding exposed port: 8080/tcp                
[36mINFO[0m[0002] No files changed in this command, skipping snapshotting. 
[36mINFO[0m[0002] ENTRYPOINT ["/golang-03"]                    
[36mINFO[0m[0002] No files changed in this command, skipping snapshotting. 
[36mINFO[0m[0002] Using files from context: [/workspace/source/bin] 
[36mINFO[0m[0002] COPY ./bin/ /                                
[36mINFO[0m[0002] Taking snapshot of files...                  
2020/02/17 14:29:29 pushed blob: sha256:61de32f220fc2b7b780496e7224ffb7049687eeec1563e494569b7858dfb76be
2020/02/17 14:29:30 pushed blob: sha256:b5069ab652a60ddd6af7367341609e71c3f2a1c68aad28bb248bf10c7c3cfdeb
2020/02/17 14:29:32 gcr.io/**-development/golang-03:0.0.1: digest: sha256:b8cc165659a8f2597db0c8d610bbed103dcf90890a3f9d0e8841ba84f03151fe size: 428

Showing logs for build [32mcb-kubecd-golang-03-master-57kbd-1[0m stage [32mfrom-build-pack[0m and container [32mstep-build-post-build[0m
no CVE provider running in the current ** namespace so skip adding image to be analysed

Showing logs for build [32mcb-kubecd-golang-03-master-57kbd-1[0m stage [32mfrom-build-pack[0m and container [32mstep-promote-changelog[0m
Converted /workspace/source/charts/golang-03 to an unshallow repository
Generating change log from git ref 6430556d08ce49137131bcdd041d4240bddab008 => ab57d4f72d3ff4d5487e909a180fbc6716feb91c
Associating user x-0 in users.jenkins.io with email rawlingsj80@gmail.com to git GitProvider user with login -0 as emails match
Adding label jenkins.io/git-github-userid=-0 to user x-0 in users.jenkins.io
WARNING: Failed to enrich commit 293a9dd2c66edd2aaa5b4117e2bbaf851a5f5c0f with issues: User.jenkins.io "x-0" is invalid: metadata.labels: Invalid value: "-0": a valid label must be an empty string or consist of alphanumeric characters, '-', '_' or '.', and must start and end with an alphanumeric character (e.g. 'MyValue',  or 'my_value',  or '12345', regex used for validation is '(([A-Za-z0-9][-A-Za-z0-9_.]*)?[A-Za-z0-9])?')
Finding issues in commit messages using git format
WARNING: No release found for cb-kubecd/golang-03 and tag v0.0.1 so creating a new release
Updated the release information at https://github.com/cb-kubecd/golang-03/releases/tag/v0.0.1
generated: /workspace/source/charts/golang-03/templates/release.yaml
Created Release golang-03-0-0-1 resource in namespace **
Updating PipelineActivity cb-kubecd-golang-03-master-1 with version 0.0.1
Updated PipelineActivities cb-kubecd-golang-03-master-1 with release notes URL: https://github.com/cb-kubecd/golang-03/releases/tag/v0.0.1

Showing logs for build [32mcb-kubecd-golang-03-master-57kbd-1[0m stage [32mfrom-build-pack[0m and container [32mstep-promote-helm-release[0m
WARNING: No $CHART_REPOSITORY defined so using the default value of: http://jenkins-x-chartmuseum:8080
Adding missing Helm repo: storage.googleapis.com https://storage.googleapis.com/chartmuseum.jenkins-x.io
Successfully added Helm repository storage.googleapis.com.
Adding missing Helm repo: jenkins-x-chartmuseum http://jenkins-x-chartmuseum:8080
Successfully added Helm repository jenkins-x-chartmuseum.
WARNING: No $CHART_REPOSITORY defined so using the default value of: http://jenkins-x-chartmuseum:8080
Uploading chart file golang-03-0.0.1.tgz to http://jenkins-x-chartmuseum:8080/api/charts
Received 201 response: {"saved":true}

Showing logs for build [32mcb-kubecd-golang-03-master-57kbd-1[0m stage [32mfrom-build-pack[0m and container [32mstep-promote-jx-promote[0m
failed to get helm version: failed to run 'helm version --short' command in directory '', output: 'Client: v2.14.3+g0e7f3b6
Error: could not find tiller'
old helm binary on the PATH so replacing with helm 3
WARNING: prow based install so skip waiting for the merge of Pull Requests to go green as currently there is an issue with gettingstatuses from the PR, see https://github.com/jenkins-x/**/issues/2410
WARNING: No $CHART_REPOSITORY defined so using the default value of: http://jenkins-x-chartmuseum:8080
Promoting app golang-03 version 0.0.1 to namespace **-staging
WARNING: 
Created Pull Request: https://github.com/cb-kubecd/environment-jr17-staging/pull/4
Added label updatebot to Pull Request https://github.com/cb-kubecd/environment-jr17-staging/pull/4
got git provider status pending from PR https://github.com/cb-kubecd/environment-jr17-staging/pull/4
got git provider status pending from PR https://github.com/cb-kubecd/environment-jr17-staging/pull/4
got git provider status pending from PR https://github.com/cb-kubecd/environment-jr17-staging/pull/4
error: Pull request https://github.com/cb-kubecd/environment-jr17-staging/pull/4 last commit has status failure for ref 2c228e3ef6597c829fb8c64bdcf9e56819c92817
[31m
Pipeline failed on stage 'from-build-pack' : container 'step-promote-jx-promote'. The execution of the pipeline has stopped.[0m
